-------------------------------------------------------------------------------
Test set: com.imageman.test.TestAA
-------------------------------------------------------------------------------
Tests run: 1, Failures: 0, Errors: 1, Skipped: 0, Time elapsed: 8.056 s <<< FAILURE! - in com.imageman.test.TestAA
addES(com.imageman.test.TestAA)  Time elapsed: 0.01 s  <<< ERROR!
java.lang.IllegalStateException: Failed to load ApplicationContext
Caused by: org.springframework.beans.factory.UnsatisfiedDependencyException: Error creating bean with name 'productController': Unsatisfied dependency expressed through field 'productService'; nested exception is org.springframework.beans.factory.BeanCreationException: Error creating bean with name 'productServiceImpl': Invocation of init method failed; nested exception is java.lang.IndexOutOfBoundsException: Index: 18, Size: 6
Caused by: org.springframework.beans.factory.BeanCreationException: Error creating bean with name 'productServiceImpl': Invocation of init method failed; nested exception is java.lang.IndexOutOfBoundsException: Index: 18, Size: 6
Caused by: java.lang.IndexOutOfBoundsException: Index: 18, Size: 6

