<?xml version="1.0" encoding="UTF-8"?>
<testsuite xmlns:xsi="http://www.w3.org/2001/XMLSchema-instance" xsi:noNamespaceSchemaLocation="https://maven.apache.org/surefire/maven-surefire-plugin/xsd/surefire-test-report.xsd" name="com.imageman.test.TestAA" time="8.056" tests="1" errors="1" skipped="0" failures="0">
  <properties>
[...]
</properties>
  <testcase name="addES" classname="com.imageman.test.TestAA" time="0.01">
    <error message="Failed to load ApplicationContext" type="java.lang.IllegalStateException">java.lang.IllegalStateException: Failed to load ApplicationContext
Caused by: org.springframework.beans.factory.UnsatisfiedDependencyException: Error creating bean with name 'productController': Unsatisfied dependency expressed through field 'productService'; nested exception is org.springframework.beans.factory.BeanCreationException: Error creating bean with name 'productServiceImpl': Invocation of init method failed; nested exception is java.lang.IndexOutOfBoundsException: Index: 18, Size: 6
Caused by: org.springframework.beans.factory.BeanCreationException: Error creating bean with name 'productServiceImpl': Invocation of init method failed; nested exception is java.lang.IndexOutOfBoundsException: Index: 18, Size: 6
Caused by: java.lang.IndexOutOfBoundsException: Index: 18, Size: 6
</error>
    <system-out><![CDATA[462  [main] INFO  o.s.b.t.c.SpringBootTestContextBootstrapper - Neither @ContextConfiguration nor @ContextHierarchy found for test class [com.imageman.test.TestAA], using SpringBootContextLoader
471  [main] INFO  o.s.t.c.s.AbstractContextLoader - Could not detect default resource locations for test class [com.imageman.test.TestAA]: no resource found for suffixes {-context.xml, Context.groovy}.
750  [main] INFO  o.s.b.t.c.SpringBootTestContextBootstrapper - Loaded default TestExecutionListener class names from location [META-INF/spring.factories]: [org.springframework.boot.test.mock.mockito.MockitoTestExecutionListener, org.springframework.boot.test.mock.mockito.ResetMocksTestExecutionListener, org.springframework.test.context.web.ServletTestExecutionListener, org.springframework.test.context.support.DirtiesContextBeforeModesTestExecutionListener, org.springframework.test.context.support.DependencyInjectionTestExecutionListener, org.springframework.test.context.support.DirtiesContextTestExecutionListener, org.springframework.test.context.transaction.TransactionalTestExecutionListener, org.springframework.test.context.jdbc.SqlScriptsTestExecutionListener]
775  [main] INFO  o.s.b.t.c.SpringBootTestContextBootstrapper - Using TestExecutionListeners: [org.springframework.test.context.web.ServletTestExecutionListener@333d4a8c, org.springframework.test.context.support.DirtiesContextBeforeModesTestExecutionListener@55de24cc, org.springframework.boot.test.mock.mockito.MockitoTestExecutionListener@dc7df28, org.springframework.test.context.support.DependencyInjectionTestExecutionListener@30f842ca, org.springframework.test.context.support.DirtiesContextTestExecutionListener@69c81773, org.springframework.test.context.transaction.TransactionalTestExecutionListener@4d14b6c2, org.springframework.test.context.jdbc.SqlScriptsTestExecutionListener@7e990ed7, org.springframework.boot.test.mock.mockito.ResetMocksTestExecutionListener@c05fddc]

  .   ____          _            __ _ _
 /\\ / ___'_ __ _ _(_)_ __  __ _ \ \ \ \
( ( )\___ | '_ | '_| | '_ \/ _` | \ \ \ \
 \\/  ___)| |_)| | | | | || (_| |  ) ) ) )
  '  |____| .__|_| |_|_| |_\__, | / / / /
 =========|_|==============|___/=/_/_/_/
 :: Spring Boot ::        (v2.3.0.RELEASE)

1398 [main] INFO  com.imageman.test.TestAA - Starting TestAA on KatoUyi with PID 3876 (started by Shinelon in C:\Users\Shinelon\Desktop\我的测试项目\java-server\web)
1399 [main] INFO  com.imageman.test.TestAA - No active profile set, falling back to default profiles: default
3100 [main] INFO  o.s.d.r.c.RepositoryConfigurationDelegate - Multiple Spring Data modules found, entering strict repository configuration mode!
3103 [main] INFO  o.s.d.r.c.RepositoryConfigurationDelegate - Bootstrapping Spring Data Redis repositories in DEFAULT mode.
3132 [main] INFO  o.s.d.r.c.RepositoryConfigurationDelegate - Finished Spring Data repository scanning in 10ms. Found 0 Redis repository interfaces.
4240 [main] INFO  o.s.c.s.PostProcessorRegistrationDelegate$BeanPostProcessorChecker - Bean 'spring.datasource.dynamic-com.baomidou.dynamic.datasource.spring.boot.autoconfigure.DynamicDataSourceProperties' of type [com.baomidou.dynamic.datasource.spring.boot.autoconfigure.DynamicDataSourceProperties] is not eligible for getting processed by all BeanPostProcessors (for example: not eligible for auto-proxying)
4242 [main] INFO  o.s.c.s.PostProcessorRegistrationDelegate$BeanPostProcessorChecker - Bean 'com.baomidou.dynamic.datasource.spring.boot.autoconfigure.DynamicDataSourceAutoConfiguration' of type [com.baomidou.dynamic.datasource.spring.boot.autoconfigure.DynamicDataSourceAutoConfiguration$$EnhancerBySpringCGLIB$$9a927da6] is not eligible for getting processed by all BeanPostProcessors (for example: not eligible for auto-proxying)
4259 [main] INFO  o.s.c.s.PostProcessorRegistrationDelegate$BeanPostProcessorChecker - Bean 'dsProcessor' of type [com.baomidou.dynamic.datasource.processor.DsHeaderProcessor] is not eligible for getting processed by all BeanPostProcessors (for example: not eligible for auto-proxying)
4272 [main] INFO  o.s.c.s.PostProcessorRegistrationDelegate$BeanPostProcessorChecker - Bean 'dynamicDatasourceAnnotationAdvisor' of type [com.baomidou.dynamic.datasource.aop.DynamicDataSourceAnnotationAdvisor] is not eligible for getting processed by all BeanPostProcessors (for example: not eligible for auto-proxying)
Logging initialized using 'class org.apache.ibatis.logging.stdout.StdOutImpl' adapter.
4566 [main] INFO  c.z.hikari.HikariDataSource - master - Starting...
4809 [main] INFO  c.z.hikari.HikariDataSource - master - Start completed.
4809 [main] INFO  c.b.d.d.DynamicRoutingDataSource - 初始共加载 1 个数据源
4809 [main] INFO  c.b.d.d.DynamicRoutingDataSource - 动态数据源-加载 master 成功
4809 [main] INFO  c.b.d.d.DynamicRoutingDataSource - 当前的默认数据源是单数据源，数据源名为 master
Registered plugin: 'AbstractSqlParserHandler(sqlParserList=null, sqlParserFilter=null)'
Parsed mapper file: 'URL [jar:file:/C:/Users/Shinelon/Desktop/%E6%88%91%E7%9A%84%E6%B5%8B%E8%AF%95%E9%A1%B9%E7%9B%AE/java-server/mapper/target/mapper-1.0.0-SNAPSHOT.jar!/mapper/CategoryMapper.xml]'
Parsed mapper file: 'URL [jar:file:/C:/Users/Shinelon/Desktop/%E6%88%91%E7%9A%84%E6%B5%8B%E8%AF%95%E9%A1%B9%E7%9B%AE/java-server/mapper/target/mapper-1.0.0-SNAPSHOT.jar!/mapper/EmployeeMapper.xml]'
Parsed mapper file: 'URL [jar:file:/C:/Users/Shinelon/Desktop/%E6%88%91%E7%9A%84%E6%B5%8B%E8%AF%95%E9%A1%B9%E7%9B%AE/java-server/mapper/target/mapper-1.0.0-SNAPSHOT.jar!/mapper/ProductImgMapper.xml]'
Parsed mapper file: 'URL [jar:file:/C:/Users/Shinelon/Desktop/%E6%88%91%E7%9A%84%E6%B5%8B%E8%AF%95%E9%A1%B9%E7%9B%AE/java-server/mapper/target/mapper-1.0.0-SNAPSHOT.jar!/mapper/ProductMapper.xml]'
 _ _   |_  _ _|_. ___ _ |    _ 
| | |\/|_)(_| | |_\  |_)||_|_\ 
     /               |         
                        3.2.0 
7700 [main] INFO  c.b.d.d.DynamicRoutingDataSource - closing dynamicDatasource  ing....
7701 [main] INFO  c.z.hikari.HikariDataSource - master - Shutdown initiated...
7915 [main] INFO  c.z.hikari.HikariDataSource - master - Shutdown completed.
]]></system-out>
  </testcase>
</testsuite>